<?xml version="1.0" encoding="UTF-8"?>
<!-- Generated by org.testng.reporters.JUnitReportReporter -->
<testsuite hostname="JCI-MH68" failures="0" tests="4" name="com.csm.qa.test.LoginPageTest" time="31.808" errors="0" timestamp="2023-06-26T17:39:17 IST" skipped="0">
  <testcase classname="com.csm.qa.test.LoginPageTest" name="LoginWithValidCredentials" time="13.401"/>
  <system-out/>
  <testcase classname="com.csm.qa.test.LoginPageTest" name="Test4" time="0.043"/>
  <system-out/>
  <testcase classname="com.csm.qa.test.LoginPageTest" name="Test5" time="9.376"/>
  <system-out/>
  <testcase classname="com.csm.qa.test.LoginPageTest" name="Test6" time="8.988"/>
  <system-out/>
</testsuite> <!-- com.csm.qa.test.LoginPageTest -->
