<?xml version="1.0" encoding="UTF-8"?>
<!-- Generated by org.testng.reporters.JUnitReportReporter -->
<testsuite hostname="JCI-MH68" failures="0" tests="2" name="com.csm.qa.test.HomePageTest" time="17.258" errors="0" timestamp="2023-06-23T15:25:32 IST" skipped="0">
  <testcase classname="com.csm.qa.test.HomePageTest" name="clickOnCMSModule" time="7.001"/>
  <system-out/>
  <testcase classname="com.csm.qa.test.HomePageTest" name="clickonIDC" time="10.257"/>
  <system-out/>
</testsuite> <!-- com.csm.qa.test.HomePageTest -->
