<?xml version="1.0" encoding="UTF-8"?>
<!-- Generated by org.testng.reporters.JUnitReportReporter -->
<testsuite hostname="JCI-MH68" failures="0" tests="2" name="com.csm.qa.test.LoginPageTest" time="10.469" errors="0" timestamp="2023-06-23T15:33:24 IST" skipped="0">
  <testcase classname="com.csm.qa.test.LoginPageTest" name="LoginWithValidCredentials" time="10.418"/>
  <system-out/>
  <testcase classname="com.csm.qa.test.LoginPageTest" name="Test2" time="0.051"/>
  <system-out/>
</testsuite> <!-- com.csm.qa.test.LoginPageTest -->
