<?xml version="1.0" encoding="UTF-8"?>
<!-- Generated by org.testng.reporters.JUnitReportReporter -->
<testsuite hostname="JCI-MH68" failures="0" tests="4" name="com.csm.qa.test.LoginPageTest" time="27.851" errors="0" timestamp="2023-06-26T10:21:22 IST" skipped="0">
  <testcase classname="com.csm.qa.test.LoginPageTest" name="LoginWithValidCredentials" time="10.813"/>
  <system-out/>
  <testcase classname="com.csm.qa.test.LoginPageTest" name="Test4" time="0.041"/>
  <system-out/>
  <testcase classname="com.csm.qa.test.LoginPageTest" name="Test5" time="8.695"/>
  <system-out/>
  <testcase classname="com.csm.qa.test.LoginPageTest" name="Test6" time="8.302"/>
  <system-out/>
</testsuite> <!-- com.csm.qa.test.LoginPageTest -->
