<?xml version="1.0" encoding="UTF-8"?>
<!-- Generated by org.testng.reporters.JUnitReportReporter -->
<testsuite hostname="JCI-MH68" failures="0" tests="1" name="com.csm.qa.test.LoginPageTest" time="6.302" errors="0" timestamp="2023-06-13T12:30:35 IST" skipped="0">
  <testcase classname="com.csm.qa.test.LoginPageTest" name="LoginWithValidCredentials" time="6.302"/>
  <system-out/>
</testsuite> <!-- com.csm.qa.test.LoginPageTest -->
