<?xml version="1.0" encoding="UTF-8"?>
<!-- Generated by org.testng.reporters.JUnitReportReporter -->
<testsuite hostname="JCI-MH68" failures="0" tests="1" name="com.csm.qa.test.LoginPageTest" time="7.843" errors="0" timestamp="2023-06-14T16:19:14 IST" skipped="0">
  <testcase classname="com.csm.qa.test.LoginPageTest" name="LoginWithValidCredentials" time="7.843"/>
  <system-out/>
</testsuite> <!-- com.csm.qa.test.LoginPageTest -->
