<?xml version="1.0" encoding="UTF-8"?>
<!-- Generated by org.testng.reporters.JUnitReportReporter -->
<testsuite hostname="JCI-MH68" failures="0" tests="2" name="com.csm.qa.test.HomePageTest" time="18.384" errors="0" timestamp="2023-06-23T14:58:34 IST" skipped="0">
  <testcase classname="com.csm.qa.test.HomePageTest" name="clickOnCMSModule" time="9.034"/>
  <system-out/>
  <testcase classname="com.csm.qa.test.HomePageTest" name="clickonIDC" time="9.350"/>
  <system-out/>
</testsuite> <!-- com.csm.qa.test.HomePageTest -->
