<?xml version="1.0" encoding="UTF-8"?>
<!-- Generated by org.testng.reporters.JUnitReportReporter -->
<testsuite hostname="JCI-MH68" failures="0" tests="2" name="com.csm.qa.test.HomePageTest" time="17.524" errors="0" timestamp="2023-06-13T10:33:37 IST" skipped="0">
  <testcase classname="com.csm.qa.test.HomePageTest" name="clickOnCMSModule" time="7.866"/>
  <system-out/>
  <testcase classname="com.csm.qa.test.HomePageTest" name="clickonIDC" time="9.658"/>
  <system-out/>
</testsuite> <!-- com.csm.qa.test.HomePageTest -->
