<?xml version="1.0" encoding="UTF-8"?>
<!-- Generated by org.testng.reporters.JUnitReportReporter -->
<testsuite hostname="JCI-MH68" failures="0" tests="4" name="com.csm.qa.test.LoginPageTest" time="29.557" errors="0" timestamp="2023-06-26T17:40:40 IST" skipped="0">
  <testcase classname="com.csm.qa.test.LoginPageTest" name="LoginWithValidCredentials" time="10.660"/>
  <system-out/>
  <testcase classname="com.csm.qa.test.LoginPageTest" name="Test4" time="0.046"/>
  <system-out/>
  <testcase classname="com.csm.qa.test.LoginPageTest" name="Test5" time="10.006"/>
  <system-out/>
  <testcase classname="com.csm.qa.test.LoginPageTest" name="Test6" time="8.845"/>
  <system-out/>
</testsuite> <!-- com.csm.qa.test.LoginPageTest -->
